Time resolution is 1 ps
Cycle:     0, PC:          0
 IR: 4279239827

Cycle:     1, PC:          4
 IR:    9438515

Cycle:     2, PC:          8
 IR:   35653779

Cycle:     3, PC:         12
 IR:        115

Cycle:     3, PC:         16
 IR:    1344659

Cycle:     4, PC:         20
 IR: 4270876899

Cycle:     5, PC:          4
 IR:    9438515

Cycle:     6, PC:          8
 IR:   35653779

Cycle:     7, PC:         12
 IR:        115

Cycle:     7, PC:         16
 IR:    1344659

Cycle:     8, PC:         20
 IR: 4270876899

Cycle:     9, PC:          4
 IR:    9438515

Cycle:    10, PC:          8
 IR:   35653779

Cycle:    11, PC:         12
 IR:        115

Cycle:    11, PC:         16
 IR:    1344659

Cycle:    12, PC:         20
 IR: 4270876899

Cycle:    13, PC:          4
 IR:    9438515

Cycle:    14, PC:          8
 IR:   35653779

Cycle:    15, PC:         12
 IR:        115

Cycle:    15, PC:         16
 IR:    1344659

Cycle:    16, PC:         20
 IR: 4270876899

Cycle:    17, PC:          4
 IR:    9438515

Cycle:    18, PC:          8
 IR:   35653779

Cycle:    19, PC:         12
 IR:        115

Cycle:    19, PC:         16
 IR:    1344659

Cycle:    20, PC:         20
 IR: 4270876899

Cycle:    21, PC:          4
 IR:    9438515

Cycle:    22, PC:          8
 IR:   35653779

Cycle:    23, PC:         12
 IR:        115

Cycle:    23, PC:         16
 IR:    1344659

Cycle:    24, PC:         20
 IR: 4270876899

Cycle:    25, PC:          4
 IR:    9438515

Cycle:    26, PC:          8
 IR:   35653779

Cycle:    27, PC:         12
 IR:        115

Cycle:    27, PC:         16
 IR:    1344659

Cycle:    28, PC:         20
 IR: 4270876899

Cycle:    29, PC:          4
 IR:    9438515

Cycle:    30, PC:          8
 IR:   35653779

Cycle:    31, PC:         12
 IR:        115

Cycle:    31, PC:         16
 IR:    1344659

Cycle:    32, PC:         20
 IR: 4270876899

Cycle:    33, PC:          4
 IR:    9438515

Cycle:    34, PC:          8
 IR:   35653779

Cycle:    35, PC:         12
 IR:        115

Cycle:    35, PC:         16
 IR:    1344659

Cycle:    36, PC:         20
 IR: 4270876899

Cycle:    37, PC:          4
 IR:    9438515

Cycle:    38, PC:          8
 IR:   35653779

Cycle:    39, PC:         12
 IR:        115

Cycle:    39, PC:         16
 IR:    1344659

Cycle:    40, PC:         20
 IR: 4270876899

Cycle:    41, PC:          4
 IR:    9438515

Cycle:    42, PC:          8
 IR:   35653779

Cycle:    43, PC:         12
 IR:        115

Cycle:    43, PC:         16
 IR:    1344659

Cycle:    44, PC:         20
 IR: 4270876899

Cycle:    45, PC:          4
 IR:    9438515

Cycle:    46, PC:          8
 IR:   35653779

Cycle:    47, PC:         12
 IR:        115

Cycle:    47, PC:         16
 IR:    1344659

Cycle:    48, PC:         20
 IR: 4270876899

Cycle:    49, PC:          4
 IR:    9438515

Cycle:    50, PC:          8
 IR:   35653779

Cycle:    51, PC:         12
 IR:        115

Cycle:    51, PC:         16
 IR:    1344659

Cycle:    52, PC:         20
 IR: 4270876899

Cycle:    53, PC:          4
 IR:    9438515

Cycle:    54, PC:          8
 IR:   35653779

Cycle:    55, PC:         12
 IR:        115

Cycle:    55, PC:         16
 IR:    1344659

Cycle:    56, PC:         20
 IR: 4270876899

Cycle:    57, PC:          4
 IR:    9438515

Cycle:    58, PC:          8
 IR:   35653779

Cycle:    59, PC:         12
 IR:        115

Cycle:    59, PC:         16
 IR:    1344659

Cycle:    60, PC:         20
 IR: 4270876899

Cycle:    61, PC:         24
 IR:    9438515

Cycle:    62, PC:         28
 IR:   35653779

Cycle:    63, PC:         32
 IR:        115

Cycle:    63, PC:         36
 IR:   10487955

Cycle:    64, PC:         40
 IR:        115

Cycle:    64, PC:         40
 IR:        115

Cycle:    64, PC:         40
 IR:        115

Cycle:    64, PC:         40
 IR:        115

Cycle:    64, PC:         40
 IR:        115

Cycle:    64, PC:         40
 IR:        115

Cycle:    64, PC:         40
 IR:        115

Cycle:    64, PC:         40
 IR:        115

Cycle:    64, PC:         40
 IR:        115

Cycle:    64, PC:         40
 IR:        115

Cycle:    64, PC:         40
 IR:        115

Cycle:    64, PC:         40
 IR:        115

Cycle:    64, PC:         40
 IR:        115

Cycle:    64, PC:         40
 IR:        115

Cycle:    64, PC:         40
 IR:        115

Cycle:    64, PC:         40
 IR:        115

Cycle:    64, PC:         40
 IR:        115

Cycle:    64, PC:         40
 IR:        115

Cycle:    64, PC:         40
 IR:        115

Cycle:    64, PC:         40
 IR:        115

Cycle:    64, PC:         40
 IR:        115

Cycle:    64, PC:         40
 IR:        115

Cycle:    64, PC:         40
 IR:        115

Cycle:    64, PC:         40
 IR:        115

Cycle:    64, PC:         40
 IR:        115

Cycle:    64, PC:         40
 IR:        115

Cycle:    64, PC:         40
 IR:        115

Cycle:    64, PC:         40
 IR:        115

Cycle:    64, PC:         40
 IR:        115

Cycle:    64, PC:         40
 IR:        115

Cycle:    64, PC:         40
 IR:        115

Cycle:    64, PC:         40
 IR:        115

Cycle:    64, PC:         40
 IR:        115

Cycle:    64, PC:         40
 IR:        115

Cycle:    64, PC:         40
 IR:        115

Cycle:    64, PC:         40
 IR:        115

Cycle:    64, PC:         40
 IR:        115

Cycle:    64, PC:         40
 IR:        115

Cycle:    64, PC:         40
 IR:        115

Cycle:    64, PC:         40
 IR:        115

Cycle:    64, PC:         40
 IR:        115

Cycle:    64, PC:         40
 IR:        115

Cycle:    64, PC:         40
 IR:        115

Cycle:    64, PC:         40
 IR:        115

Cycle:    64, PC:         40
 IR:        115

Cycle:    64, PC:         40
 IR:        115

Cycle:    64, PC:         40
 IR:        115

Cycle:    64, PC:         40
 IR:        115

Cycle:    64, PC:         40
 IR:        115

Cycle:    64, PC:         40
 IR:        115

Cycle:    64, PC:         40
 IR:        115

Cycle:    64, PC:         40
 IR:        115

Cycle:    64, PC:         40
 IR:        115

Cycle:    64, PC:         40
 IR:        115

Cycle:    64, PC:         40
 IR:        115

Cycle:    64, PC:         40
 IR:        115

Cycle:    64, PC:         40
 IR:        115

Cycle:    64, PC:         40
 IR:        115

Cycle:    64, PC:         40
 IR:        115

Cycle:    64, PC:         40
 IR:        115

Cycle:    64, PC:         40
 IR:        115

Cycle:    64, PC:         40
 IR:        115

Cycle:    64, PC:         40
 IR:        115

Cycle:    64, PC:         40
 IR:        115

Cycle:    64, PC:         40
 IR:        115

Cycle:    64, PC:         40
 IR:        115

Cycle:    64, PC:         40
 IR:        115

Cycle:    64, PC:         40
 IR:        115

Cycle:    64, PC:         40
 IR:        115

Cycle:    64, PC:         40
 IR:        115

Cycle:    64, PC:         40
 IR:        115

Cycle:    64, PC:         40
 IR:        115

Cycle:    64, PC:         40
 IR:        115

Cycle:    64, PC:         40
 IR:        115

Cycle:    64, PC:         40
 IR:        115

Cycle:    64, PC:         40
 IR:        115

Cycle:    64, PC:         40
 IR:        115

Cycle:    64, PC:         40
 IR:        115

Cycle:    64, PC:         40
 IR:        115

Cycle:    64, PC:         40
 IR:        115

Cycle:    64, PC:         40
 IR:        115

Cycle:    64, PC:         40
 IR:        115

Cycle:    64, PC:         40
 IR:        115

Cycle:    64, PC:         40
 IR:        115

Cycle:    64, PC:         40
 IR:        115

Cycle:    64, PC:         40
 IR:        115

Cycle:    64, PC:         40
 IR:        115

Cycle:    64, PC:         40
 IR:        115

Cycle:    64, PC:         40
 IR:        115

Cycle:    64, PC:         40
 IR:        115

Cycle:    64, PC:         40
 IR:        115

Cycle:    64, PC:         40
 IR:        115

Cycle:    64, PC:         40
 IR:        115

Cycle:    64, PC:         40
 IR:        115

Cycle:    64, PC:         40
 IR:        115

Cycle:    64, PC:         40
 IR:        115

Cycle:    64, PC:         40
 IR:        115

Cycle:    64, PC:         40
 IR:        115

Cycle:    64, PC:         40
 IR:        115

Cycle:    64, PC:         40
 IR:        115

Cycle:    64, PC:         40
 IR:        115

Cycle:    64, PC:         40
 IR:        115

Cycle:    64, PC:         40
 IR:        115

Cycle:    64, PC:         40
 IR:        115

Cycle:    64, PC:         40
 IR:        115

Cycle:    64, PC:         40
 IR:        115

Cycle:    64, PC:         40
 IR:        115

Cycle:    64, PC:         40
 IR:        115

Cycle:    64, PC:         40
 IR:        115

Cycle:    64, PC:         40
 IR:        115

Cycle:    64, PC:         40
 IR:        115

Cycle:    64, PC:         40
 IR:        115

Cycle:    64, PC:         40
 IR:        115

Cycle:    64, PC:         40
 IR:        115

Cycle:    64, PC:         40
 IR:        115

Cycle:    64, PC:         40
 IR:        115

Cycle:    64, PC:         40
 IR:        115

Cycle:    64, PC:         40
 IR:        115

Cycle:    64, PC:         40
 IR:        115

Cycle:    64, PC:         40
 IR:        115

Cycle:    64, PC:         40
 IR:        115

Cycle:    64, PC:         40
 IR:        115

Cycle:    64, PC:         40
 IR:        115

Cycle:    64, PC:         40
 IR:        115

Cycle:    64, PC:         40
 IR:        115

Cycle:    64, PC:         40
 IR:        115

Cycle:    64, PC:         40
 IR:        115

Cycle:    64, PC:         40
 IR:        115

Cycle:    64, PC:         40
 IR:        115

Cycle:    64, PC:         40
 IR:        115

Cycle:    64, PC:         40
 IR:        115

Cycle:    64, PC:         40
 IR:        115

Cycle:    64, PC:         40
 IR:        115

Cycle:    64, PC:         40
 IR:        115

Cycle:    64, PC:         40
 IR:        115

Cycle:    64, PC:         40
 IR:        115

Cycle:    64, PC:         40
 IR:        115

Cycle:    64, PC:         40
 IR:        115

Cycle:    64, PC:         40
 IR:        115

Cycle:    64, PC:         40
 IR:        115

Cycle:    64, PC:         40
 IR:        115

Cycle:    64, PC:         40
 IR:        115

Cycle:    64, PC:         40
 IR:        115

Cycle:    64, PC:         40
 IR:        115

Cycle:    64, PC:         40
 IR:        115

Cycle:    64, PC:         40
 IR:        115

Cycle:    64, PC:         40
 IR:        115

Cycle:    64, PC:         40
 IR:        115

Cycle:    64, PC:         40
 IR:        115

Cycle:    64, PC:         40
 IR:        115

Cycle:    64, PC:         40
 IR:        115

Cycle:    64, PC:         40
 IR:        115

Cycle:    64, PC:         40
 IR:        115

Cycle:    64, PC:         40
 IR:        115

Cycle:    64, PC:         40
 IR:        115

Cycle:    64, PC:         40
 IR:        115

Cycle:    64, PC:         40
 IR:        115

Cycle:    64, PC:         40
 IR:        115

Cycle:    64, PC:         40
 IR:        115

Cycle:    64, PC:         40
 IR:        115

Cycle:    64, PC:         40
 IR:        115

Cycle:    64, PC:         40
 IR:        115

Cycle:    64, PC:         40
 IR:        115

Cycle:    64, PC:         40
 IR:        115

Cycle:    64, PC:         40
 IR:        115

Cycle:    64, PC:         40
 IR:        115

Cycle:    64, PC:         40
 IR:        115

Cycle:    64, PC:         40
 IR:        115

Cycle:    64, PC:         40
 IR:        115

Cycle:    64, PC:         40
 IR:        115

