
*** Running vivado
    with args -log Nexys4DDR.vds -m64 -product Vivado -mode batch -messageDb vivado.pb -notrace -source Nexys4DDR.tcl


ECHO 处于关闭状态。
ECHO 处于关闭状态。

****** Vivado v2023.2 (64-bit)
  **** SW Build 4029153 on Fri Oct 13 20:14:34 MDT 2023
  **** IP Build 4028589 on Sat Oct 14 00:45:43 MDT 2023
  **** SharedData Build 4025554 on Tue Oct 10 17:18:54 MDT 2023
    ** Copyright 1986-2022 Xilinx, Inc. All Rights Reserved.
    ** Copyright 2022-2023 Advanced Micro Devices, Inc. All Rights Reserved.

source Nexys4DDR.tcl -notrace
create_project: Time (s): cpu = 00:00:03 ; elapsed = 00:00:06 . Memory (MB): peak = 463.102 ; gain = 184.066
Command: read_checkpoint -auto_incremental -incremental D:/LiuBainian/Project/HardwareCourseDesign/FPGA/single/single.srcs/utils_1/imports/synth_1/Nexys4DDR.dcp
INFO: [Vivado 12-5825] Read reference checkpoint from D:/LiuBainian/Project/HardwareCourseDesign/FPGA/single/single.srcs/utils_1/imports/synth_1/Nexys4DDR.dcp for incremental synthesis
INFO: [Vivado 12-7989] Please ensure there are no constraint changes
Command: synth_design -top Nexys4DDR -part xc7a100tcsg324-1
Starting synth_design
Attempting to get a license for feature 'Synthesis' and/or device 'xc7a100t'
INFO: [Common 17-349] Got license for feature 'Synthesis' and/or device 'xc7a100t'
INFO: [Device 21-403] Loading part xc7a100tcsg324-1
INFO: [Designutils 20-5440] No compile time benefit to using incremental synthesis; A full resynthesis will be run
INFO: [Designutils 20-4379] Flow is switching to default flow due to incremental criteria not met. If you would like to alter this behaviour and have the flow terminate instead, please set the following parameter config_implementation {autoIncr.Synth.RejectBehavior Terminate}
INFO: [Synth 8-7079] Multithreading enabled for synth_design using a maximum of 2 processes.
INFO: [Synth 8-7078] Launching helper process for spawning children vivado processes
INFO: [Synth 8-7075] Helper process launched with PID 7964
---------------------------------------------------------------------------------
Starting RTL Elaboration : Time (s): cpu = 00:00:03 ; elapsed = 00:00:05 . Memory (MB): peak = 1318.859 ; gain = 439.840
---------------------------------------------------------------------------------
INFO: [Synth 8-6157] synthesizing module 'Nexys4DDR' [D:/LiuBainian/Project/HardwareCourseDesign/FPGA/single/single.srcs/sources_1/new/nexys4ddr.v:3]
INFO: [Synth 8-6157] synthesizing module 'ClockDivider' [D:/LiuBainian/Project/HardwareCourseDesign/FPGA/single/single.srcs/sources_1/new/ClockDivider.v:3]
	Parameter N bound to: 100000000 - type: integer 
INFO: [Synth 8-6155] done synthesizing module 'ClockDivider' (0#1) [D:/LiuBainian/Project/HardwareCourseDesign/FPGA/single/single.srcs/sources_1/new/ClockDivider.v:3]
INFO: [Synth 8-6157] synthesizing module 'ClockDivider__parameterized0' [D:/LiuBainian/Project/HardwareCourseDesign/FPGA/single/single.srcs/sources_1/new/ClockDivider.v:3]
	Parameter N bound to: 200000 - type: integer 
INFO: [Synth 8-6155] done synthesizing module 'ClockDivider__parameterized0' (0#1) [D:/LiuBainian/Project/HardwareCourseDesign/FPGA/single/single.srcs/sources_1/new/ClockDivider.v:3]
INFO: [Synth 8-6157] synthesizing module 'ClockDivider__parameterized1' [D:/LiuBainian/Project/HardwareCourseDesign/FPGA/single/single.srcs/sources_1/new/ClockDivider.v:3]
	Parameter N bound to: 781250 - type: integer 
INFO: [Synth 8-6155] done synthesizing module 'ClockDivider__parameterized1' (0#1) [D:/LiuBainian/Project/HardwareCourseDesign/FPGA/single/single.srcs/sources_1/new/ClockDivider.v:3]
INFO: [Synth 8-6157] synthesizing module 'ClockDivider__parameterized2' [D:/LiuBainian/Project/HardwareCourseDesign/FPGA/single/single.srcs/sources_1/new/ClockDivider.v:3]
	Parameter N bound to: 3125000 - type: integer 
INFO: [Synth 8-6155] done synthesizing module 'ClockDivider__parameterized2' (0#1) [D:/LiuBainian/Project/HardwareCourseDesign/FPGA/single/single.srcs/sources_1/new/ClockDivider.v:3]
INFO: [Synth 8-6157] synthesizing module 'ClockDivider__parameterized3' [D:/LiuBainian/Project/HardwareCourseDesign/FPGA/single/single.srcs/sources_1/new/ClockDivider.v:3]
	Parameter N bound to: 25000000 - type: integer 
INFO: [Synth 8-6155] done synthesizing module 'ClockDivider__parameterized3' (0#1) [D:/LiuBainian/Project/HardwareCourseDesign/FPGA/single/single.srcs/sources_1/new/ClockDivider.v:3]
INFO: [Synth 8-6157] synthesizing module 'ClockDivider__parameterized4' [D:/LiuBainian/Project/HardwareCourseDesign/FPGA/single/single.srcs/sources_1/new/ClockDivider.v:3]
	Parameter N bound to: 1000 - type: integer 
INFO: [Synth 8-6155] done synthesizing module 'ClockDivider__parameterized4' (0#1) [D:/LiuBainian/Project/HardwareCourseDesign/FPGA/single/single.srcs/sources_1/new/ClockDivider.v:3]
INFO: [Synth 8-6157] synthesizing module 'LedCounter' [D:/LiuBainian/Project/HardwareCourseDesign/FPGA/single/single.srcs/sources_1/new/LedCounter.v:3]
INFO: [Synth 8-226] default block is never used [D:/LiuBainian/Project/HardwareCourseDesign/FPGA/single/single.srcs/sources_1/new/LedCounter.v:21]
INFO: [Synth 8-6155] done synthesizing module 'LedCounter' (0#1) [D:/LiuBainian/Project/HardwareCourseDesign/FPGA/single/single.srcs/sources_1/new/LedCounter.v:3]
INFO: [Synth 8-6157] synthesizing module 'SingleCycleCPU' [D:/LiuBainian/Project/HardwareCourseDesign/FPGA/single/single.srcs/sources_1/new/main.v:3]
INFO: [Synth 8-6157] synthesizing module 'Register' [D:/LiuBainian/Project/HardwareCourseDesign/FPGA/single/single.srcs/sources_1/new/register.v:3]
	Parameter WIDTH bound to: 32 - type: integer 
INFO: [Synth 8-6155] done synthesizing module 'Register' (0#1) [D:/LiuBainian/Project/HardwareCourseDesign/FPGA/single/single.srcs/sources_1/new/register.v:3]
INFO: [Synth 8-6157] synthesizing module 'InstructionROM' [D:/LiuBainian/Project/HardwareCourseDesign/FPGA/single/single.srcs/sources_1/new/rom.v:3]
INFO: [Synth 8-3876] $readmem data file 'D:/LiuBainian/Project/HardwareCourseDesign/single-cycle-test.hex' is read successfully [D:/LiuBainian/Project/HardwareCourseDesign/FPGA/single/single.srcs/sources_1/new/rom.v:9]
INFO: [Synth 8-6155] done synthesizing module 'InstructionROM' (0#1) [D:/LiuBainian/Project/HardwareCourseDesign/FPGA/single/single.srcs/sources_1/new/rom.v:3]
INFO: [Synth 8-6157] synthesizing module 'Adder' [D:/LiuBainian/Project/HardwareCourseDesign/FPGA/single/single.srcs/sources_1/new/adder.v:3]
	Parameter WIDTH bound to: 32 - type: integer 
INFO: [Synth 8-6155] done synthesizing module 'Adder' (0#1) [D:/LiuBainian/Project/HardwareCourseDesign/FPGA/single/single.srcs/sources_1/new/adder.v:3]
INFO: [Synth 8-6157] synthesizing module 'HardwiredController' [D:/LiuBainian/Project/HardwareCourseDesign/FPGA/single/single.srcs/sources_1/new/hardware_line_layout.v:3]
INFO: [Synth 8-6157] synthesizing module 'CalcController' [D:/LiuBainian/Project/HardwareCourseDesign/FPGA/single/single.srcs/sources_1/new/calccontrol.v:3]
INFO: [Synth 8-6155] done synthesizing module 'CalcController' (0#1) [D:/LiuBainian/Project/HardwareCourseDesign/FPGA/single/single.srcs/sources_1/new/calccontrol.v:3]
INFO: [Synth 8-6157] synthesizing module 'ControlSignalGen' [D:/LiuBainian/Project/HardwareCourseDesign/FPGA/single/single.srcs/sources_1/new/controlsign.v:3]
INFO: [Synth 8-6155] done synthesizing module 'ControlSignalGen' (0#1) [D:/LiuBainian/Project/HardwareCourseDesign/FPGA/single/single.srcs/sources_1/new/controlsign.v:3]
INFO: [Synth 8-6155] done synthesizing module 'HardwiredController' (0#1) [D:/LiuBainian/Project/HardwareCourseDesign/FPGA/single/single.srcs/sources_1/new/hardware_line_layout.v:3]
INFO: [Synth 8-6157] synthesizing module 'MUX2x1' [D:/LiuBainian/Project/HardwareCourseDesign/FPGA/single/single.srcs/sources_1/new/mux2x1.v:3]
	Parameter DATAWIDTH bound to: 5 - type: integer 
INFO: [Synth 8-6155] done synthesizing module 'MUX2x1' (0#1) [D:/LiuBainian/Project/HardwareCourseDesign/FPGA/single/single.srcs/sources_1/new/mux2x1.v:3]
INFO: [Synth 8-6157] synthesizing module 'RegFile' [D:/LiuBainian/Project/HardwareCourseDesign/FPGA/single/single.srcs/sources_1/new/regfile.v:3]
INFO: [Synth 8-6155] done synthesizing module 'RegFile' (0#1) [D:/LiuBainian/Project/HardwareCourseDesign/FPGA/single/single.srcs/sources_1/new/regfile.v:3]
INFO: [Synth 8-6157] synthesizing module 'MUX2x1__parameterized0' [D:/LiuBainian/Project/HardwareCourseDesign/FPGA/single/single.srcs/sources_1/new/mux2x1.v:3]
	Parameter DATAWIDTH bound to: 12 - type: integer 
INFO: [Synth 8-6155] done synthesizing module 'MUX2x1__parameterized0' (0#1) [D:/LiuBainian/Project/HardwareCourseDesign/FPGA/single/single.srcs/sources_1/new/mux2x1.v:3]
INFO: [Synth 8-6157] synthesizing module 'NumberSignExtend' [D:/LiuBainian/Project/HardwareCourseDesign/FPGA/single/single.srcs/sources_1/new/number_sign_extend.v:3]
	Parameter INPUT_WIDTH bound to: 12 - type: integer 
	Parameter OUTPUT_WIDTH bound to: 32 - type: integer 
INFO: [Synth 8-6155] done synthesizing module 'NumberSignExtend' (0#1) [D:/LiuBainian/Project/HardwareCourseDesign/FPGA/single/single.srcs/sources_1/new/number_sign_extend.v:3]
INFO: [Synth 8-6157] synthesizing module 'NumberSignExtend__parameterized0' [D:/LiuBainian/Project/HardwareCourseDesign/FPGA/single/single.srcs/sources_1/new/number_sign_extend.v:3]
	Parameter INPUT_WIDTH bound to: 20 - type: integer 
	Parameter OUTPUT_WIDTH bound to: 32 - type: integer 
INFO: [Synth 8-6155] done synthesizing module 'NumberSignExtend__parameterized0' (0#1) [D:/LiuBainian/Project/HardwareCourseDesign/FPGA/single/single.srcs/sources_1/new/number_sign_extend.v:3]
INFO: [Synth 8-6157] synthesizing module 'LeftShifter' [D:/LiuBainian/Project/HardwareCourseDesign/FPGA/single/single.srcs/sources_1/new/leftshifter.v:3]
INFO: [Synth 8-6155] done synthesizing module 'LeftShifter' (0#1) [D:/LiuBainian/Project/HardwareCourseDesign/FPGA/single/single.srcs/sources_1/new/leftshifter.v:3]
INFO: [Synth 8-6157] synthesizing module 'MUX2x1__parameterized1' [D:/LiuBainian/Project/HardwareCourseDesign/FPGA/single/single.srcs/sources_1/new/mux2x1.v:3]
	Parameter DATAWIDTH bound to: 32 - type: integer 
INFO: [Synth 8-6155] done synthesizing module 'MUX2x1__parameterized1' (0#1) [D:/LiuBainian/Project/HardwareCourseDesign/FPGA/single/single.srcs/sources_1/new/mux2x1.v:3]
INFO: [Synth 8-6157] synthesizing module 'myALU' [D:/LiuBainian/Project/HardwareCourseDesign/FPGA/single/single.srcs/sources_1/new/alu.v:3]
INFO: [Synth 8-6155] done synthesizing module 'myALU' (0#1) [D:/LiuBainian/Project/HardwareCourseDesign/FPGA/single/single.srcs/sources_1/new/alu.v:3]
INFO: [Synth 8-6157] synthesizing module 'RAM' [D:/LiuBainian/Project/HardwareCourseDesign/FPGA/single/single.srcs/sources_1/new/ram.v:3]
INFO: [Synth 8-6155] done synthesizing module 'RAM' (0#1) [D:/LiuBainian/Project/HardwareCourseDesign/FPGA/single/single.srcs/sources_1/new/ram.v:3]
INFO: [Synth 8-6157] synthesizing module 'MUX4x2' [D:/LiuBainian/Project/HardwareCourseDesign/FPGA/single/single.srcs/sources_1/new/mux4x2.v:3]
	Parameter DATAWIDTH bound to: 8 - type: integer 
INFO: [Synth 8-226] default block is never used [D:/LiuBainian/Project/HardwareCourseDesign/FPGA/single/single.srcs/sources_1/new/mux4x2.v:17]
INFO: [Synth 8-6155] done synthesizing module 'MUX4x2' (0#1) [D:/LiuBainian/Project/HardwareCourseDesign/FPGA/single/single.srcs/sources_1/new/mux4x2.v:3]
INFO: [Synth 8-6157] synthesizing module 'NumberZeroExtend' [D:/LiuBainian/Project/HardwareCourseDesign/FPGA/single/single.srcs/sources_1/new/number_zero_extend.v:3]
	Parameter INPUT_WIDTH bound to: 8 - type: integer 
	Parameter OUTPUT_WIDTH bound to: 32 - type: integer 
INFO: [Synth 8-6155] done synthesizing module 'NumberZeroExtend' (0#1) [D:/LiuBainian/Project/HardwareCourseDesign/FPGA/single/single.srcs/sources_1/new/number_zero_extend.v:3]
INFO: [Synth 8-6157] synthesizing module 'Counter' [D:/LiuBainian/Project/HardwareCourseDesign/FPGA/single/single.srcs/sources_1/new/counter.v:3]
	Parameter WIDTH bound to: 16 - type: integer 
INFO: [Synth 8-6155] done synthesizing module 'Counter' (0#1) [D:/LiuBainian/Project/HardwareCourseDesign/FPGA/single/single.srcs/sources_1/new/counter.v:3]
INFO: [Synth 8-6157] synthesizing module 'Comparator' [D:/LiuBainian/Project/HardwareCourseDesign/FPGA/single/single.srcs/sources_1/new/comparator.v:3]
	Parameter WIDTH bound to: 32 - type: integer 
INFO: [Synth 8-6155] done synthesizing module 'Comparator' (0#1) [D:/LiuBainian/Project/HardwareCourseDesign/FPGA/single/single.srcs/sources_1/new/comparator.v:3]
INFO: [Synth 8-6157] synthesizing module 'MUX2x1__parameterized2' [D:/LiuBainian/Project/HardwareCourseDesign/FPGA/single/single.srcs/sources_1/new/mux2x1.v:3]
	Parameter DATAWIDTH bound to: 1 - type: integer 
INFO: [Synth 8-6155] done synthesizing module 'MUX2x1__parameterized2' (0#1) [D:/LiuBainian/Project/HardwareCourseDesign/FPGA/single/single.srcs/sources_1/new/mux2x1.v:3]
INFO: [Synth 8-6155] done synthesizing module 'SingleCycleCPU' (0#1) [D:/LiuBainian/Project/HardwareCourseDesign/FPGA/single/single.srcs/sources_1/new/main.v:3]
INFO: [Synth 8-6157] synthesizing module 'DisplayNumber' [D:/LiuBainian/Project/HardwareCourseDesign/FPGA/single/single.srcs/sources_1/new/7SegDisplay.v:3]
INFO: [Synth 8-6155] done synthesizing module 'DisplayNumber' (0#1) [D:/LiuBainian/Project/HardwareCourseDesign/FPGA/single/single.srcs/sources_1/new/7SegDisplay.v:3]
INFO: [Synth 8-6155] done synthesizing module 'Nexys4DDR' (0#1) [D:/LiuBainian/Project/HardwareCourseDesign/FPGA/single/single.srcs/sources_1/new/nexys4ddr.v:3]
---------------------------------------------------------------------------------
Finished RTL Elaboration : Time (s): cpu = 00:00:03 ; elapsed = 00:00:06 . Memory (MB): peak = 1436.254 ; gain = 557.234
---------------------------------------------------------------------------------
---------------------------------------------------------------------------------
Start Handling Custom Attributes
---------------------------------------------------------------------------------
---------------------------------------------------------------------------------
Finished Handling Custom Attributes : Time (s): cpu = 00:00:03 ; elapsed = 00:00:07 . Memory (MB): peak = 1436.254 ; gain = 557.234
---------------------------------------------------------------------------------
---------------------------------------------------------------------------------
Finished RTL Optimization Phase 1 : Time (s): cpu = 00:00:03 ; elapsed = 00:00:07 . Memory (MB): peak = 1436.254 ; gain = 557.234
---------------------------------------------------------------------------------
Netlist sorting complete. Time (s): cpu = 00:00:00 ; elapsed = 00:00:00.028 . Memory (MB): peak = 1436.254 ; gain = 0.000
INFO: [Project 1-570] Preparing netlist for logic optimization

Processing XDC Constraints
Initializing timing engine
Parsing XDC File [D:/LiuBainian/Project/HardwareCourseDesign/FPGA/single/single.srcs/constrs_1/imports/board/Nexys4DDR_Master.xdc]
Finished Parsing XDC File [D:/LiuBainian/Project/HardwareCourseDesign/FPGA/single/single.srcs/constrs_1/imports/board/Nexys4DDR_Master.xdc]
INFO: [Project 1-236] Implementation specific constraints were found while reading constraint file [D:/LiuBainian/Project/HardwareCourseDesign/FPGA/single/single.srcs/constrs_1/imports/board/Nexys4DDR_Master.xdc]. These constraints will be ignored for synthesis but will be used in implementation. Impacted constraints are listed in the file [.Xil/Nexys4DDR_propImpl.xdc].
Resolution: To avoid this warning, move constraints listed in [.Xil/Nexys4DDR_propImpl.xdc] to another XDC file and exclude this new file from synthesis with the used_in_synthesis property (File Properties dialog in GUI) and re-run elaboration/synthesis.
Completed Processing XDC Constraints

Netlist sorting complete. Time (s): cpu = 00:00:00 ; elapsed = 00:00:00.001 . Memory (MB): peak = 1522.316 ; gain = 0.000
INFO: [Project 1-111] Unisim Transformation Summary:
No Unisim elements were transformed.

系统找不到指定的路径。
Constraint Validation Runtime : Time (s): cpu = 00:00:00 ; elapsed = 00:00:00.007 . Memory (MB): peak = 1522.316 ; gain = 0.000
INFO: [Designutils 20-5440] No compile time benefit to using incremental synthesis; A full resynthesis will be run
INFO: [Designutils 20-4379] Flow is switching to default flow due to incremental criteria not met. If you would like to alter this behaviour and have the flow terminate instead, please set the following parameter config_implementation {autoIncr.Synth.RejectBehavior Terminate}
---------------------------------------------------------------------------------
Finished Constraint Validation : Time (s): cpu = 00:00:06 ; elapsed = 00:00:13 . Memory (MB): peak = 1522.316 ; gain = 643.297
---------------------------------------------------------------------------------
---------------------------------------------------------------------------------
Start Loading Part and Timing Information
---------------------------------------------------------------------------------
Loading part: xc7a100tcsg324-1
---------------------------------------------------------------------------------
Finished Loading Part and Timing Information : Time (s): cpu = 00:00:06 ; elapsed = 00:00:13 . Memory (MB): peak = 1522.316 ; gain = 643.297
---------------------------------------------------------------------------------
---------------------------------------------------------------------------------
Start Applying 'set_property' XDC Constraints
---------------------------------------------------------------------------------
---------------------------------------------------------------------------------
Finished applying 'set_property' XDC Constraints : Time (s): cpu = 00:00:06 ; elapsed = 00:00:13 . Memory (MB): peak = 1522.316 ; gain = 643.297
---------------------------------------------------------------------------------
---------------------------------------------------------------------------------
Finished RTL Optimization Phase 2 : Time (s): cpu = 00:00:07 ; elapsed = 00:00:14 . Memory (MB): peak = 1522.316 ; gain = 643.297
---------------------------------------------------------------------------------
---------------------------------------------------------------------------------
Start RTL Component Statistics 
---------------------------------------------------------------------------------
Detailed RTL Component Info : 
+---Adders : 
	   2 Input   32 Bit       Adders := 4     
	   3 Input   32 Bit       Adders := 1     
	   2 Input   16 Bit       Adders := 1     
	   2 Input    9 Bit       Adders := 1     
	   2 Input    3 Bit       Adders := 1     
+---XORs : 
	   2 Input     32 Bit         XORs := 1     
+---Registers : 
	               32 Bit    Registers := 34    
	               16 Bit    Registers := 1     
	                9 Bit    Registers := 1     
	                8 Bit    Registers := 1     
	                3 Bit    Registers := 1     
	                1 Bit    Registers := 6     
+---Multipliers : 
	              32x32  Multipliers := 1     
+---Muxes : 
	 283 Input   32 Bit        Muxes := 1     
	   2 Input   32 Bit        Muxes := 7     
	   2 Input   16 Bit        Muxes := 1     
	   2 Input   12 Bit        Muxes := 1     
	   8 Input    8 Bit        Muxes := 1     
	   4 Input    8 Bit        Muxes := 1     
	   2 Input    5 Bit        Muxes := 2     
	   9 Input    4 Bit        Muxes := 2     
	   2 Input    1 Bit        Muxes := 32    
---------------------------------------------------------------------------------
Finished RTL Component Statistics 
---------------------------------------------------------------------------------
---------------------------------------------------------------------------------
Start Part Resource Summary
---------------------------------------------------------------------------------
Part Resources:
DSPs: 240 (col length:80)
BRAMs: 270 (col length: RAMB18 80 RAMB36 40)
---------------------------------------------------------------------------------
Finished Part Resource Summary
---------------------------------------------------------------------------------
---------------------------------------------------------------------------------
Start Cross Boundary and Area Optimization
---------------------------------------------------------------------------------
WARNING: [Synth 8-7080] Parallel synthesis criteria is not met
DSP Report: Generating DSP Result0, operation Mode is: A*B.
DSP Report: operator Result0 is absorbed into DSP Result0.
DSP Report: operator Result0 is absorbed into DSP Result0.
DSP Report: Generating DSP Result0, operation Mode is: (PCIN>>17)+A*B.
DSP Report: operator Result0 is absorbed into DSP Result0.
DSP Report: operator Result0 is absorbed into DSP Result0.
DSP Report: Generating DSP Result0, operation Mode is: A*B.
DSP Report: operator Result0 is absorbed into DSP Result0.
DSP Report: operator Result0 is absorbed into DSP Result0.
DSP Report: Generating DSP Result0, operation Mode is: (PCIN>>17)+A*B.
DSP Report: operator Result0 is absorbed into DSP Result0.
DSP Report: operator Result0 is absorbed into DSP Result0.
WARNING: [Synth 8-7129] Port Addr[9] in module InstructionROM is either unconnected or has no load
---------------------------------------------------------------------------------
Finished Cross Boundary and Area Optimization : Time (s): cpu = 00:00:12 ; elapsed = 00:00:24 . Memory (MB): peak = 1522.316 ; gain = 643.297
---------------------------------------------------------------------------------
 Sort Area is  Result0_0 : 0 0 : 3101 5879 : Used 1 time 0
 Sort Area is  Result0_0 : 0 1 : 2778 5879 : Used 1 time 0
 Sort Area is  Result0_3 : 0 0 : 2759 5418 : Used 1 time 0
 Sort Area is  Result0_3 : 0 1 : 2659 5418 : Used 1 time 0
---------------------------------------------------------------------------------
Start ROM, RAM, DSP, Shift Register and Retiming Reporting
---------------------------------------------------------------------------------

Distributed RAM: Preliminary Mapping Report (see note below)
+------------+-----------------+-----------+----------------------+------------------+
|Module Name | RTL Object      | Inference | Size (Depth x Width) | Primitives       | 
+------------+-----------------+-----------+----------------------+------------------+
|Nexys4DDR   | cpu/ram/mem_reg | Implied   | 1 K x 32             | RAM256X1S x 128  | 
+------------+-----------------+-----------+----------------------+------------------+

Note: The table above is a preliminary report that shows the Distributed RAMs at the current stage of the synthesis flow. Some Distributed RAMs may be reimplemented as non Distributed RAM primitives later in the synthesis flow. Multiple instantiated RAMs are reported only once.

DSP: Preliminary Mapping Report (see note below. The ' indicates corresponding REG is set)
+------------+----------------+--------+--------+--------+--------+--------+------+------+------+------+-------+------+------+
|Module Name | DSP Mapping    | A Size | B Size | C Size | D Size | P Size | AREG | BREG | CREG | DREG | ADREG | MREG | PREG | 
+------------+----------------+--------+--------+--------+--------+--------+------+------+------+------+-------+------+------+
|myALU       | A*B            | 18     | 16     | -      | -      | 48     | 0    | 0    | -    | -    | -     | 0    | 0    | 
|myALU       | (PCIN>>17)+A*B | 16     | 16     | -      | -      | 48     | 0    | 0    | -    | -    | -     | 0    | 0    | 
|myALU       | A*B            | 18     | 18     | -      | -      | 48     | 0    | 0    | -    | -    | -     | 0    | 0    | 
|myALU       | (PCIN>>17)+A*B | 18     | 16     | -      | -      | 48     | 0    | 0    | -    | -    | -     | 0    | 0    | 
+------------+----------------+--------+--------+--------+--------+--------+------+------+------+------+-------+------+------+

Note: The table above is a preliminary report that shows the DSPs inferred at the current stage of the synthesis flow. Some DSP may be reimplemented as non DSP primitives later in the synthesis flow. Multiple instantiated DSPs are reported only once.
---------------------------------------------------------------------------------
Finished ROM, RAM, DSP, Shift Register and Retiming Reporting
---------------------------------------------------------------------------------
---------------------------------------------------------------------------------
Start Applying XDC Timing Constraints
---------------------------------------------------------------------------------
---------------------------------------------------------------------------------
Finished Applying XDC Timing Constraints : Time (s): cpu = 00:00:16 ; elapsed = 00:00:31 . Memory (MB): peak = 1522.316 ; gain = 643.297
---------------------------------------------------------------------------------
---------------------------------------------------------------------------------
Start Timing Optimization
---------------------------------------------------------------------------------
---------------------------------------------------------------------------------
Finished Timing Optimization : Time (s): cpu = 00:00:17 ; elapsed = 00:00:31 . Memory (MB): peak = 1522.316 ; gain = 643.297
---------------------------------------------------------------------------------
---------------------------------------------------------------------------------
Start ROM, RAM, DSP, Shift Register and Retiming Reporting
---------------------------------------------------------------------------------

Distributed RAM: Final Mapping Report
+------------+-----------------+-----------+----------------------+------------------+
|Module Name | RTL Object      | Inference | Size (Depth x Width) | Primitives       | 
+------------+-----------------+-----------+----------------------+------------------+
|Nexys4DDR   | cpu/ram/mem_reg | Implied   | 1 K x 32             | RAM256X1S x 128  | 
+------------+-----------------+-----------+----------------------+------------------+

---------------------------------------------------------------------------------
Finished ROM, RAM, DSP, Shift Register and Retiming Reporting
---------------------------------------------------------------------------------
---------------------------------------------------------------------------------
Start Technology Mapping
---------------------------------------------------------------------------------
---------------------------------------------------------------------------------
Finished Technology Mapping : Time (s): cpu = 00:00:17 ; elapsed = 00:00:32 . Memory (MB): peak = 1527.363 ; gain = 648.344
---------------------------------------------------------------------------------
---------------------------------------------------------------------------------
Start IO Insertion
---------------------------------------------------------------------------------
---------------------------------------------------------------------------------
Start Flattening Before IO Insertion
---------------------------------------------------------------------------------
---------------------------------------------------------------------------------
Finished Flattening Before IO Insertion
---------------------------------------------------------------------------------
---------------------------------------------------------------------------------
Start Final Netlist Cleanup
---------------------------------------------------------------------------------
---------------------------------------------------------------------------------
Finished Final Netlist Cleanup
---------------------------------------------------------------------------------
---------------------------------------------------------------------------------
Finished IO Insertion : Time (s): cpu = 00:00:19 ; elapsed = 00:00:36 . Memory (MB): peak = 1540.168 ; gain = 661.148
---------------------------------------------------------------------------------
---------------------------------------------------------------------------------
Start Renaming Generated Instances
---------------------------------------------------------------------------------
---------------------------------------------------------------------------------
Finished Renaming Generated Instances : Time (s): cpu = 00:00:19 ; elapsed = 00:00:36 . Memory (MB): peak = 1540.168 ; gain = 661.148
---------------------------------------------------------------------------------
---------------------------------------------------------------------------------
Start Rebuilding User Hierarchy
---------------------------------------------------------------------------------
---------------------------------------------------------------------------------
Finished Rebuilding User Hierarchy : Time (s): cpu = 00:00:19 ; elapsed = 00:00:36 . Memory (MB): peak = 1540.168 ; gain = 661.148
---------------------------------------------------------------------------------
---------------------------------------------------------------------------------
Start Renaming Generated Ports
---------------------------------------------------------------------------------
---------------------------------------------------------------------------------
Finished Renaming Generated Ports : Time (s): cpu = 00:00:19 ; elapsed = 00:00:36 . Memory (MB): peak = 1540.168 ; gain = 661.148
---------------------------------------------------------------------------------
---------------------------------------------------------------------------------
Start Handling Custom Attributes
---------------------------------------------------------------------------------
---------------------------------------------------------------------------------
Finished Handling Custom Attributes : Time (s): cpu = 00:00:19 ; elapsed = 00:00:36 . Memory (MB): peak = 1540.168 ; gain = 661.148
---------------------------------------------------------------------------------
---------------------------------------------------------------------------------
Start Renaming Generated Nets
---------------------------------------------------------------------------------
---------------------------------------------------------------------------------
Finished Renaming Generated Nets : Time (s): cpu = 00:00:19 ; elapsed = 00:00:36 . Memory (MB): peak = 1540.168 ; gain = 661.148
---------------------------------------------------------------------------------
---------------------------------------------------------------------------------
Start Writing Synthesis Report
---------------------------------------------------------------------------------

DSP Final Report (the ' indicates corresponding REG is set)
+------------+--------------+--------+--------+--------+--------+--------+------+------+------+------+-------+------+------+
|Module Name | DSP Mapping  | A Size | B Size | C Size | D Size | P Size | AREG | BREG | CREG | DREG | ADREG | MREG | PREG | 
+------------+--------------+--------+--------+--------+--------+--------+------+------+------+------+-------+------+------+
|myALU       | A*B          | 17     | 15     | -      | -      | 48     | 0    | 0    | -    | -    | -     | 0    | 0    | 
|myALU       | A*B          | 17     | 17     | -      | -      | 48     | 0    | 0    | -    | -    | -     | 0    | 0    | 
|myALU       | PCIN>>17+A*B | 17     | 15     | -      | -      | 48     | 0    | 0    | -    | -    | -     | 0    | 0    | 
+------------+--------------+--------+--------+--------+--------+--------+------+------+------+------+-------+------+------+


Report BlackBoxes: 
+-+--------------+----------+
| |BlackBox name |Instances |
+-+--------------+----------+
+-+--------------+----------+

Report Cell Usage: 
+------+----------+------+
|      |Cell      |Count |
+------+----------+------+
|1     |BUFG      |     2|
|2     |CARRY4    |   372|
|3     |DSP48E1   |     3|
|4     |LUT1      |    68|
|5     |LUT2      |   242|
|6     |LUT3      |  1041|
|7     |LUT4      |   223|
|8     |LUT5      |   395|
|9     |LUT6      |  1090|
|10    |MUXF7     |   349|
|11    |MUXF8     |    10|
|12    |RAM256X1S |   128|
|13    |FDRE      |  1185|
|14    |FDSE      |     4|
|15    |IBUF      |    17|
|16    |OBUF      |    32|
+------+----------+------+
---------------------------------------------------------------------------------
Finished Writing Synthesis Report : Time (s): cpu = 00:00:19 ; elapsed = 00:00:36 . Memory (MB): peak = 1540.168 ; gain = 661.148
---------------------------------------------------------------------------------
Synthesis finished with 0 errors, 0 critical warnings and 2 warnings.
Synthesis Optimization Runtime : Time (s): cpu = 00:00:15 ; elapsed = 00:00:34 . Memory (MB): peak = 1540.168 ; gain = 575.086
Synthesis Optimization Complete : Time (s): cpu = 00:00:19 ; elapsed = 00:00:36 . Memory (MB): peak = 1540.168 ; gain = 661.148
INFO: [Project 1-571] Translating synthesized netlist
Netlist sorting complete. Time (s): cpu = 00:00:01 ; elapsed = 00:00:00.051 . Memory (MB): peak = 1544.746 ; gain = 0.000
INFO: [Netlist 29-17] Analyzing 862 Unisim elements for replacement
INFO: [Netlist 29-28] Unisim Transformation completed in 0 CPU seconds
INFO: [Project 1-570] Preparing netlist for logic optimization
INFO: [Opt 31-138] Pushed 0 inverter(s) to 0 load pin(s).
Netlist sorting complete. Time (s): cpu = 00:00:00 ; elapsed = 00:00:00.001 . Memory (MB): peak = 1547.137 ; gain = 0.000
INFO: [Project 1-111] Unisim Transformation Summary:
  A total of 128 instances were transformed.
  RAM256X1S => RAM256X1S (MUXF7(x2), MUXF8, RAMS64E(x4)): 128 instances

系统找不到指定的路径。
Synth Design complete | Checksum: b8ff9313
INFO: [Common 17-83] Releasing license: Synthesis
84 Infos, 2 Warnings, 0 Critical Warnings and 0 Errors encountered.
synth_design completed successfully
synth_design: Time (s): cpu = 00:00:21 ; elapsed = 00:00:47 . Memory (MB): peak = 1547.137 ; gain = 1081.070
Write ShapeDB Complete: Time (s): cpu = 00:00:00 ; elapsed = 00:00:00.010 . Memory (MB): peak = 1547.137 ; gain = 0.000
INFO: [Common 17-1381] The checkpoint 'D:/LiuBainian/Project/HardwareCourseDesign/FPGA/single/single.runs/synth_1/Nexys4DDR.dcp' has been generated.
INFO: [runtcl-4] Executing : report_utilization -file Nexys4DDR_utilization_synth.rpt -pb Nexys4DDR_utilization_synth.pb
INFO: [Common 17-206] Exiting Vivado at Fri Nov 22 19:23:29 2024...
